<?xml version="1.0" encoding="UTF-8"?>
<!-- Generated by org.testng.reporters.JUnitReportReporter -->
<testsuite hostname="LAPTOP-RQPAENCM" failures="0" tests="1" name="LoginTest" time="18.027" errors="0" timestamp="2021-06-22T11:43:49 IST" skipped="0">
  <testcase classname="LoginTest" name="verifyLoginWithValidCred" time="18.027"/>
  <system-out/>
</testsuite> <!-- LoginTest -->
