<?xml version="1.0" encoding="UTF-8"?>
<!-- Generated by org.testng.reporters.JUnitReportReporter -->
<testsuite hostname="LAPTOP-RQPAENCM" failures="0" tests="3" name="JumboCardOrderFlowTest" time="58.125" errors="0" timestamp="2021-06-24T19:55:03 IST" skipped="0">
  <testcase classname="JumboCardOrderFlowTest" name="addProductsToCart" time="36.311"/>
  <system-out/>
  <testcase classname="JumboCardOrderFlowTest" name="billingDetails" time="7.773"/>
  <system-out/>
  <testcase classname="JumboCardOrderFlowTest" name="shippingDetails" time="14.041"/>
  <system-out/>
</testsuite> <!-- JumboCardOrderFlowTest -->
