<?xml version="1.0" encoding="UTF-8"?>
<!-- Generated by org.testng.reporters.JUnitReportReporter -->
<testsuite hostname="LAPTOP-RQPAENCM" failures="0" tests="3" name="DustIdTest" time="61.481" errors="0" timestamp="2021-06-22T18:02:48 IST" skipped="0">
  <testcase classname="DustIdTest" name="addProducts" time="37.423"/>
  <system-out/>
  <testcase classname="DustIdTest" name="billingdetails" time="10.075"/>
  <system-out/>
  <testcase classname="DustIdTest" name="shippingDetails" time="13.983"/>
  <system-out/>
</testsuite> <!-- DustIdTest -->
