<?xml version="1.0" encoding="UTF-8"?>
<!-- Generated by org.testng.reporters.JUnitReportReporter -->
<testsuite hostname="LAPTOP-RQPAENCM" failures="0" tests="3" name="JumboCardOrderFlowTest" time="73.923" errors="0" timestamp="2021-06-23T17:38:18 IST" skipped="0">
  <testcase classname="JumboCardOrderFlowTest" name="addProductsToCart" time="48.414"/>
  <system-out/>
  <testcase classname="JumboCardOrderFlowTest" name="billingDetails" time="10.188"/>
  <system-out/>
  <testcase classname="JumboCardOrderFlowTest" name="shippingDetails" time="15.321"/>
  <system-out/>
</testsuite> <!-- JumboCardOrderFlowTest -->
