<?xml version="1.0" encoding="UTF-8"?>
<!-- Generated by org.testng.reporters.JUnitReportReporter -->
<testsuite hostname="LAPTOP-RQPAENCM" failures="0" tests="3" name="JumboCardOrderFlowTest" time="62.843" errors="0" timestamp="2021-06-22T18:24:55 IST" skipped="0">
  <testcase classname="JumboCardOrderFlowTest" name="addProductsToCart" time="45.766"/>
  <system-out/>
  <testcase classname="JumboCardOrderFlowTest" name="billingDetails" time="6.530"/>
  <system-out/>
  <testcase classname="JumboCardOrderFlowTest" name="shippingDetails" time="10.547"/>
  <system-out/>
</testsuite> <!-- JumboCardOrderFlowTest -->
